<?xml version="1.0" encoding="UTF-8"?>
<testsuite name="com.kodilla.stream.portfolio.BoardTestSuite" tests="1" skipped="0" failures="0" errors="0" timestamp="2019-10-19T11:38:47" hostname="pg-PC" time="0.031">
  <properties/>
  <testcase name="testAddTaskListAverageWorkingOnTask" classname="com.kodilla.stream.portfolio.BoardTestSuite" time="0.031"/>
  <system-out><![CDATA[inProgresTasksCount: 3
inProgresTasksTime: 30
]]></system-out>
  <system-err><![CDATA[]]></system-err>
</testsuite>
