<?xml version="1.0" encoding="UTF-8"?>
<testsuite name="com.kodilla.stream.portfolio.BoardTestSuite" tests="1" skipped="0" failures="0" errors="0" timestamp="2019-10-19T12:03:06" hostname="pg-PC" time="0.04">
  <properties/>
  <testcase name="testAddTaskListAverageWorkingOnTask" classname="com.kodilla.stream.portfolio.BoardTestSuite" time="0.04"/>
  <system-out><![CDATA[inProgresTasksCount: 3
inProgresTasksTime: 30
inProgresTasksAvTime: OptionalDouble[10.0]
]]></system-out>
  <system-err><![CDATA[]]></system-err>
</testsuite>
