<?xml version="1.0" encoding="UTF-8"?>
<testsuite name="com.kodilla.testing.shape.ShapeCollectorTestSuite" tests="4" skipped="0" failures="0" errors="0" timestamp="2019-10-12T07:47:51" hostname="Dom-TOSH" time="0.006">
  <properties/>
  <testcase name="testRemoveFigure" classname="com.kodilla.testing.shape.ShapeCollectorTestSuite" time="0.002"/>
  <testcase name="testAddFigure" classname="com.kodilla.testing.shape.ShapeCollectorTestSuite" time="0.001"/>
  <testcase name="testShowSFigure" classname="com.kodilla.testing.shape.ShapeCollectorTestSuite" time="0.002"/>
  <testcase name="testRemoveNoneFigure" classname="com.kodilla.testing.shape.ShapeCollectorTestSuite" time="0.0"/>
  <system-out><![CDATA[This is the beginning of tests.
Preparing to execute test #1
Preparing to execute test #2
Preparing to execute test #3
Preparing to execute test #4
All tests are finished.
]]></system-out>
  <system-err><![CDATA[]]></system-err>
</testsuite>
