<?xml version="1.0" encoding="UTF-8"?>
<testsuite name="com.kodilla.testing.forum.statistics.StatisticsTestSuite" tests="7" skipped="0" failures="0" errors="0" timestamp="2019-10-12T12:14:25" hostname="Dom-TOSH" time="0.479">
  <properties/>
  <testcase name="testCalculateAdvStatisticsPostThousandWithMock" classname="com.kodilla.testing.forum.statistics.StatisticsTestSuite" time="0.475"/>
  <testcase name="testCalculateAdvStatisticsUsersHundredWithMock" classname="com.kodilla.testing.forum.statistics.StatisticsTestSuite" time="0.001"/>
  <testcase name="testCalculateAdvStatisticsUsersZeroWithMock" classname="com.kodilla.testing.forum.statistics.StatisticsTestSuite" time="0.0"/>
  <testcase name="testCalculateAdvStatisticsCommentsLessPostsWithMock" classname="com.kodilla.testing.forum.statistics.StatisticsTestSuite" time="0.001"/>
  <testcase name="testCalculateAdvStatisticsCommentsMorePostsWithMock" classname="com.kodilla.testing.forum.statistics.StatisticsTestSuite" time="0.001"/>
  <testcase name="testCalculateAdvStatisticsCommentsZeroWithMock" classname="com.kodilla.testing.forum.statistics.StatisticsTestSuite" time="0.0"/>
  <testcase name="testCalculateAdvStatisticsPostZeroWithMock" classname="com.kodilla.testing.forum.statistics.StatisticsTestSuite" time="0.0"/>
  <system-out><![CDATA[]]></system-out>
  <system-err><![CDATA[]]></system-err>
</testsuite>
