<?xml version="1.0" encoding="UTF-8"?>
<testsuite name="com.kodilla.testing.collection.CollectionTestSuite" tests="1" skipped="0" failures="0" errors="0" timestamp="2019-10-10T18:38:09" hostname="Dom-TOSH" time="0.01">
  <properties/>
  <testcase name="testOddNumbersExterminatorNormalList" classname="com.kodilla.testing.collection.CollectionTestSuite" time="0.01"/>
  <system-out><![CDATA[Test Suite: begin
Test Case: begin
Testing [2, 4, 6, 8, 10]
Test Case: end
Test Suite: end
]]></system-out>
  <system-err><![CDATA[]]></system-err>
</testsuite>
